<?xml version="1.0" ?>
<coverage version="7.4" timestamp="1700000000" lines-valid="100" lines-covered="85" line-rate="0.85" branches-covered="0" branches-valid="0" branch-rate="0" complexity="0">
  <packages>
    <package name="src" line-rate="0.85">
      <classes>
        <class name="auth.py" filename="src/auth.py" line-rate="0.90">
          <lines>
            <line number="10" hits="1"/>
            <line number="11" hits="1"/>
            <line number="15" hits="0"/>
          </lines>
        </class>
        <class name="billing.py" filename="src/billing.py" line-rate="0.40">
          <lines>
            <line number="5" hits="1"/>
            <line number="10" hits="0"/>
            <line number="15" hits="0"/>
            <line number="20" hits="0"/>
            <line number="25" hits="1"/>
          </lines>
        </class>
      </classes>
    </package>
  </packages>
</coverage>
